<?xml version="1.0" encoding="UTF-8"?>
<!-- Generated by org.testng.reporters.JUnitReportReporter -->
<testsuite hostname="DESKTOP-TB5RRPF" failures="0" tests="1" name="productTest.TeamXTest" time="13.203" errors="0" timestamp="2025-07-29T09:37:50 IST" skipped="0">
  <testcase classname="productTest.TeamXTest" name="Addproduct" time="13.203"/>
  <system-out>
    <![CDATA[browser set up done
logout
browser terminate done]]>
  </system-out>
</testsuite> <!-- productTest.TeamXTest -->
