<?xml version="1.0" encoding="UTF-8"?>
<!-- Generated by org.testng.reporters.JUnitReportReporter -->
<testsuite hostname="DESKTOP-TB5RRPF" failures="0" tests="1" name="productTest.TeamXTest" time="12.095" errors="0" timestamp="2025-07-31T10:50:04 IST" skipped="0">
  <testcase classname="productTest.TeamXTest" name="Addproduct" time="12.095">
    <system-out>
      <![CDATA[clicked on the element
clicked on the add to cart Button
clicked on back to products button]]>
    </system-out>
  </testcase> <!-- Addproduct -->
  <system-out>
    <![CDATA[browser set up done
clicked on the element
clicked on the add to cart Button
clicked on back to products button
logout
browser terminate done]]>
  </system-out>
</testsuite> <!-- productTest.TeamXTest -->
